<?xml version="1.0" encoding="UTF-8"?><testrun name="Olympic2Test2" project="test" tests="1" started="1" failures="1" errors="0" ignored="0">
  <testsuite name="olympic.Olympic2Test2" time="0.032" displayname="Olympic2Test2" uniqueid="[engine:junit-jupiter]/[class:olympic.Olympic2Test2]">
    <testcase name="Step1_イベントが開催されたか判断する" classname="olympic.Olympic2Test2" time="0.032" displayname="Step1_イベントが開催されたか判断する()" uniqueid="[engine:junit-jupiter]/[class:olympic.Olympic2Test2]/[method:Step1_イベントが開催されたか判断する()]">
      <failure>java.lang.AssertionError: 
Expected: is &lt;true&gt;
     but: was &lt;false&gt;&#13;
	at org.hamcrest.MatcherAssert.assertThat(MatcherAssert.java:20)&#13;
	at org.junit.Assert.assertThat(Assert.java:956)&#13;
	at org.junit.Assert.assertThat(Assert.java:923)&#13;
	at olympic.Olympic2Test2.Step1_イベントが開催されたか判断する(Olympic2Test2.java:26)&#13;
	at sun.reflect.NativeMethodAccessorImpl.invoke0(Native Method)&#13;
	at sun.reflect.NativeMethodAccessorImpl.invoke(NativeMethodAccessorImpl.java:62)&#13;
	at sun.reflect.DelegatingMethodAccessorImpl.invoke(DelegatingMethodAccessorImpl.java:43)&#13;
	at java.lang.reflect.Method.invoke(Method.java:498)&#13;
	at org.junit.platform.commons.util.ReflectionUtils.invokeMethod(ReflectionUtils.java:389)&#13;
	at org.junit.jupiter.engine.execution.ExecutableInvoker.invoke(ExecutableInvoker.java:115)&#13;
	at org.junit.jupiter.engine.descriptor.TestMethodTestDescriptor.lambda$invokeTestMethod$6(TestMethodTestDescriptor.java:167)&#13;
	at org.junit.jupiter.engine.execution.ThrowableCollector.execute(ThrowableCollector.java:40)&#13;
	at org.junit.jupiter.engine.descriptor.TestMethodTestDescriptor.invokeTestMethod(TestMethodTestDescriptor.java:163)&#13;
	at org.junit.jupiter.engine.descriptor.TestMethodTestDescriptor.execute(TestMethodTestDescriptor.java:110)&#13;
	at org.junit.jupiter.engine.descriptor.TestMethodTestDescriptor.execute(TestMethodTestDescriptor.java:57)&#13;
	at org.junit.platform.engine.support.hierarchical.HierarchicalTestExecutor.lambda$execute$3(HierarchicalTestExecutor.java:83)&#13;
	at org.junit.platform.engine.support.hierarchical.SingleTestExecutor.executeSafely(SingleTestExecutor.java:66)&#13;
	at org.junit.platform.engine.support.hierarchical.HierarchicalTestExecutor.execute(HierarchicalTestExecutor.java:77)&#13;
	at org.junit.platform.engine.support.hierarchical.HierarchicalTestExecutor.lambda$null$2(HierarchicalTestExecutor.java:92)&#13;
	at java.util.stream.ForEachOps$ForEachOp$OfRef.accept(ForEachOps.java:184)&#13;
	at java.util.stream.ReferencePipeline$2$1.accept(ReferencePipeline.java:175)&#13;
	at java.util.Iterator.forEachRemaining(Iterator.java:116)&#13;
	at java.util.Spliterators$IteratorSpliterator.forEachRemaining(Spliterators.java:1801)&#13;
	at java.util.stream.AbstractPipeline.copyInto(AbstractPipeline.java:481)&#13;
	at java.util.stream.AbstractPipeline.wrapAndCopyInto(AbstractPipeline.java:471)&#13;
	at java.util.stream.ForEachOps$ForEachOp.evaluateSequential(ForEachOps.java:151)&#13;
	at java.util.stream.ForEachOps$ForEachOp$OfRef.evaluateSequential(ForEachOps.java:174)&#13;
	at java.util.stream.AbstractPipeline.evaluate(AbstractPipeline.java:234)&#13;
	at java.util.stream.ReferencePipeline.forEach(ReferencePipeline.java:418)&#13;
	at org.junit.platform.engine.support.hierarchical.HierarchicalTestExecutor.lambda$execute$3(HierarchicalTestExecutor.java:92)&#13;
	at org.junit.platform.engine.support.hierarchical.SingleTestExecutor.executeSafely(SingleTestExecutor.java:66)&#13;
	at org.junit.platform.engine.support.hierarchical.HierarchicalTestExecutor.execute(HierarchicalTestExecutor.java:77)&#13;
	at org.junit.platform.engine.support.hierarchical.HierarchicalTestExecutor.lambda$null$2(HierarchicalTestExecutor.java:92)&#13;
	at java.util.stream.ForEachOps$ForEachOp$OfRef.accept(ForEachOps.java:184)&#13;
	at java.util.stream.ReferencePipeline$2$1.accept(ReferencePipeline.java:175)&#13;
	at java.util.Iterator.forEachRemaining(Iterator.java:116)&#13;
	at java.util.Spliterators$IteratorSpliterator.forEachRemaining(Spliterators.java:1801)&#13;
	at java.util.stream.AbstractPipeline.copyInto(AbstractPipeline.java:481)&#13;
	at java.util.stream.AbstractPipeline.wrapAndCopyInto(AbstractPipeline.java:471)&#13;
	at java.util.stream.ForEachOps$ForEachOp.evaluateSequential(ForEachOps.java:151)&#13;
	at java.util.stream.ForEachOps$ForEachOp$OfRef.evaluateSequential(ForEachOps.java:174)&#13;
	at java.util.stream.AbstractPipeline.evaluate(AbstractPipeline.java:234)&#13;
	at java.util.stream.ReferencePipeline.forEach(ReferencePipeline.java:418)&#13;
	at org.junit.platform.engine.support.hierarchical.HierarchicalTestExecutor.lambda$execute$3(HierarchicalTestExecutor.java:92)&#13;
	at org.junit.platform.engine.support.hierarchical.SingleTestExecutor.executeSafely(SingleTestExecutor.java:66)&#13;
	at org.junit.platform.engine.support.hierarchical.HierarchicalTestExecutor.execute(HierarchicalTestExecutor.java:77)&#13;
	at org.junit.platform.engine.support.hierarchical.HierarchicalTestExecutor.execute(HierarchicalTestExecutor.java:51)&#13;
	at org.junit.platform.engine.support.hierarchical.HierarchicalTestEngine.execute(HierarchicalTestEngine.java:43)&#13;
	at org.junit.platform.launcher.core.DefaultLauncher.execute(DefaultLauncher.java:170)&#13;
	at org.junit.platform.launcher.core.DefaultLauncher.execute(DefaultLauncher.java:154)&#13;
	at org.junit.platform.launcher.core.DefaultLauncher.execute(DefaultLauncher.java:90)&#13;
	at org.eclipse.jdt.internal.junit5.runner.JUnit5TestReference.run(JUnit5TestReference.java:86)&#13;
	at org.eclipse.jdt.internal.junit.runner.TestExecution.run(TestExecution.java:38)&#13;
	at org.eclipse.jdt.internal.junit.runner.RemoteTestRunner.runTests(RemoteTestRunner.java:538)&#13;
	at org.eclipse.jdt.internal.junit.runner.RemoteTestRunner.runTests(RemoteTestRunner.java:760)&#13;
	at org.eclipse.jdt.internal.junit.runner.RemoteTestRunner.run(RemoteTestRunner.java:460)&#13;
	at org.eclipse.jdt.internal.junit.runner.RemoteTestRunner.main(RemoteTestRunner.java:206)&#13;
&#13;
</failure>
    </testcase>
  </testsuite>
</testrun>
